Logfile initialized
[INFO] logfile = /home/silvia/Titanium_Studio_Workspace/test/build.log
[DEBUG] /home/silvia/.titanium/mobilesdk/linux/2.1.2.GA/android/builder.py simulator Canile  PAN-EPPAA di Rovereto /home/silvia/Titanium_Studio_Workspace/android_sdk /home/silvia/Titanium_Studio_Workspace/test com.gmail.zobele.silvia.canile 9 WVGA800 
[INFO] Building Canile  PAN-EPPAA di Rovereto for Android ... one moment
[INFO] Titanium SDK version: 2.1.2 (08/24/12 14:46 ed7f777)
[DEBUG] Waiting for device to be ready ...
[TRACE] adb devices returned 1 devices/emulators
[TRACE] adb devices returned 1 devices/emulators
[TRACE] adb devices returned 1 devices/emulators
[DEBUG] Device connected... (waited 10 seconds)
[DEBUG] waited 10.039215 seconds on emulator to get ready
[INFO] Waiting for the Android Emulator to become available
[DEBUG] com.gmail.zobele.silvia.canile installed? True
[INFO] Fastdev server running, deploying in Fastdev mode
[INFO] Copying CommonJS modules...
[INFO] Copying project resources..
[TRACE] COPYING MODIFIED FILE: /home/silvia/Titanium_Studio_Workspace/test/Resources/ui/helpus.js => /home/silvia/Titanium_Studio_Workspace/test/build/android/bin/assets/Resources/ui/helpus.js
[INFO] Tiapp.xml unchanged, skipping class generation
[DEBUG] Processing Android resource drawables
[DEBUG] found drawable-notlong-land-hdpi splash screen at /home/silvia/Titanium_Studio_Workspace/test/Resources/android/images/res-notlong-land-hdpi/default.png
[DEBUG] found drawable-long-port-hdpi splash screen at /home/silvia/Titanium_Studio_Workspace/test/Resources/android/images/res-long-port-hdpi/default.png
[DEBUG] found drawable-notlong-land-ldpi splash screen at /home/silvia/Titanium_Studio_Workspace/test/Resources/android/images/res-notlong-land-ldpi/default.png
[DEBUG] found drawable-long-port-ldpi splash screen at /home/silvia/Titanium_Studio_Workspace/test/Resources/android/images/res-long-port-ldpi/default.png
[DEBUG] found drawable-notlong-port-ldpi splash screen at /home/silvia/Titanium_Studio_Workspace/test/Resources/android/images/res-notlong-port-ldpi/default.png
[DEBUG] found drawable-notlong-land-mdpi splash screen at /home/silvia/Titanium_Studio_Workspace/test/Resources/android/images/res-notlong-land-mdpi/default.png
[DEBUG] found drawable-notlong-port-hdpi splash screen at /home/silvia/Titanium_Studio_Workspace/test/Resources/android/images/res-notlong-port-hdpi/default.png
[DEBUG] found drawable-long-land-hdpi splash screen at /home/silvia/Titanium_Studio_Workspace/test/Resources/android/images/res-long-land-hdpi/default.png
[DEBUG] found drawable-notlong-port-mdpi splash screen at /home/silvia/Titanium_Studio_Workspace/test/Resources/android/images/res-notlong-port-mdpi/default.png
[DEBUG] found drawable-long-land-ldpi splash screen at /home/silvia/Titanium_Studio_Workspace/test/Resources/android/images/res-long-land-ldpi/default.png
[INFO] Waiting for SDCard to become available..
[INFO] Re-launching application ... Canile  PAN-EPPAA di Rovereto
[INFO] Launching application ... Canile  PAN-EPPAA di Rovereto
[TRACE] Launch output: Starting: Intent { act=android.intent.action.MAIN cat=[android.intent.category.LAUNCHER] flg=0x10200000 cmp=com.gmail.zobele.silvia.canile/.CanilePanEppaaDiRoveretoActivity }

[INFO] Android Emulator has exited
